<?xml version="1.0" encoding="UTF-8"?>
<!-- Generated by org.testng.reporters.JUnitXMLReporter -->
<testsuite hostname="DESKTOP-6FUVUM1" ignored="4" name="Default test" tests="5" failures="0" timestamp="16 Mar 2022 04:15:42 GMT" time="9.991" errors="0">
  <testcase name="createUser" time="3.87" classname="Rest_Assured.Rest_Assured.Rest_Assured"/>
  <testcase name="Login" time="1.617" classname="Rest_Assured.Rest_Assured.Rest_Assured"/>
  <testcase name="Modify" time="1.458" classname="Rest_Assured.Rest_Assured.Rest_Assured"/>
  <testcase name="Logout" time="1.503" classname="Rest_Assured.Rest_Assured.Rest_Assured"/>
  <testcase name="Delete" time="1.48" classname="Rest_Assured.Rest_Assured.Rest_Assured"/>
  <testcase name="API_Test2" time="0.0" classname="Rest_Assured.Rest_Assured.Rest_Assured">
    <ignored/>
  </testcase> <!-- API_Test2 -->
  <testcase name="API" time="0.0" classname="Rest_Assured.Rest_Assured.Rest_Assured">
    <ignored/>
  </testcase> <!-- API -->
  <testcase name="Jsson_sending_request_by_converting_to_string" time="0.0" classname="Rest_Assured.Rest_Assured.Rest_Assured">
    <ignored/>
  </testcase> <!-- Jsson_sending_request_by_converting_to_string -->
  <testcase name="Jsson_sending_request_from_file" time="0.0" classname="Rest_Assured.Rest_Assured.Rest_Assured">
    <ignored/>
  </testcase> <!-- Jsson_sending_request_from_file -->
</testsuite> <!-- Default test -->
